  MainPrueba.cpp
C:\Users\itzel\OneDrive\Documentos\GitHub\316262615_Proyecto_Gpo09\ProyectoFinal\ProyectoFinal\modelAnim.h(104,44): warning C4244: '=': conversion from 'double' to 'float', possible loss of data
C:\Users\itzel\OneDrive\Documentos\GitHub\316262615_Proyecto_Gpo09\ProyectoFinal\ProyectoFinal\modelAnim.h(519,24): warning C4244: 'initializing': conversion from 'double' to 'float', possible loss of data
C:\Users\itzel\OneDrive\Documentos\GitHub\316262615_Proyecto_Gpo09\ProyectoFinal\ProyectoFinal\MainPrueba.cpp(63,29): warning C4305: 'initializing': truncation from 'double' to 'float'
C:\Users\itzel\OneDrive\Documentos\GitHub\316262615_Proyecto_Gpo09\ProyectoFinal\ProyectoFinal\MainPrueba.cpp(64,28): warning C4305: 'initializing': truncation from 'double' to 'float'
C:\Users\itzel\OneDrive\Documentos\GitHub\316262615_Proyecto_Gpo09\ProyectoFinal\ProyectoFinal\MainPrueba.cpp(65,29): warning C4305: 'initializing': truncation from 'double' to 'float'
C:\Users\itzel\OneDrive\Documentos\GitHub\316262615_Proyecto_Gpo09\ProyectoFinal\ProyectoFinal\MainPrueba.cpp(67,23): warning C4305: 'initializing': truncation from 'double' to 'float'
C:\Users\itzel\OneDrive\Documentos\GitHub\316262615_Proyecto_Gpo09\ProyectoFinal\ProyectoFinal\MainPrueba.cpp(68,23): warning C4305: 'initializing': truncation from 'double' to 'float'
C:\Users\itzel\OneDrive\Documentos\GitHub\316262615_Proyecto_Gpo09\ProyectoFinal\ProyectoFinal\MainPrueba.cpp(69,23): warning C4305: 'initializing': truncation from 'double' to 'float'
C:\Users\itzel\OneDrive\Documentos\GitHub\316262615_Proyecto_Gpo09\ProyectoFinal\ProyectoFinal\MainPrueba.cpp(71,27): warning C4305: 'initializing': truncation from 'double' to 'float'
C:\Users\itzel\OneDrive\Documentos\GitHub\316262615_Proyecto_Gpo09\ProyectoFinal\ProyectoFinal\MainPrueba.cpp(72,26): warning C4305: 'initializing': truncation from 'double' to 'float'
C:\Users\itzel\OneDrive\Documentos\GitHub\316262615_Proyecto_Gpo09\ProyectoFinal\ProyectoFinal\MainPrueba.cpp(73,25): warning C4305: 'initializing': truncation from 'double' to 'float'
C:\Users\itzel\OneDrive\Documentos\GitHub\316262615_Proyecto_Gpo09\ProyectoFinal\ProyectoFinal\MainPrueba.cpp(79,25): warning C4305: 'initializing': truncation from 'double' to 'float'
C:\Users\itzel\OneDrive\Documentos\GitHub\316262615_Proyecto_Gpo09\ProyectoFinal\ProyectoFinal\MainPrueba.cpp(80,24): warning C4305: 'initializing': truncation from 'double' to 'float'
C:\Users\itzel\OneDrive\Documentos\GitHub\316262615_Proyecto_Gpo09\ProyectoFinal\ProyectoFinal\MainPrueba.cpp(81,24): warning C4305: 'initializing': truncation from 'double' to 'float'
C:\Users\itzel\OneDrive\Documentos\GitHub\316262615_Proyecto_Gpo09\ProyectoFinal\ProyectoFinal\MainPrueba.cpp(85,29): warning C4305: 'initializing': truncation from 'double' to 'float'
C:\Users\itzel\OneDrive\Documentos\GitHub\316262615_Proyecto_Gpo09\ProyectoFinal\ProyectoFinal\MainPrueba.cpp(86,30): warning C4305: 'initializing': truncation from 'double' to 'float'
C:\Users\itzel\OneDrive\Documentos\GitHub\316262615_Proyecto_Gpo09\ProyectoFinal\ProyectoFinal\MainPrueba.cpp(90,30): warning C4305: 'initializing': truncation from 'double' to 'float'
C:\Users\itzel\OneDrive\Documentos\GitHub\316262615_Proyecto_Gpo09\ProyectoFinal\ProyectoFinal\MainPrueba.cpp(91,28): warning C4305: 'initializing': truncation from 'double' to 'float'
C:\Users\itzel\OneDrive\Documentos\GitHub\316262615_Proyecto_Gpo09\ProyectoFinal\ProyectoFinal\MainPrueba.cpp(500,20): warning C4305: '=': truncation from 'double' to 'float'
C:\Users\itzel\OneDrive\Documentos\GitHub\316262615_Proyecto_Gpo09\ProyectoFinal\ProyectoFinal\MainPrueba.cpp(501,21): warning C4305: '=': truncation from 'double' to 'float'
C:\Users\itzel\OneDrive\Documentos\GitHub\316262615_Proyecto_Gpo09\ProyectoFinal\ProyectoFinal\MainPrueba.cpp(511,20): warning C4305: '=': truncation from 'double' to 'float'
C:\Users\itzel\OneDrive\Documentos\GitHub\316262615_Proyecto_Gpo09\ProyectoFinal\ProyectoFinal\MainPrueba.cpp(512,20): warning C4305: '=': truncation from 'double' to 'float'
C:\Users\itzel\OneDrive\Documentos\GitHub\316262615_Proyecto_Gpo09\ProyectoFinal\ProyectoFinal\MainPrueba.cpp(513,21): warning C4305: '=': truncation from 'double' to 'float'
C:\Users\itzel\OneDrive\Documentos\GitHub\316262615_Proyecto_Gpo09\ProyectoFinal\ProyectoFinal\MainPrueba.cpp(543,24): warning C4244: 'initializing': conversion from 'double' to 'GLfloat', possible loss of data
C:\Users\itzel\OneDrive\Documentos\GitHub\316262615_Proyecto_Gpo09\ProyectoFinal\ProyectoFinal\MainPrueba.cpp(1091,23): warning C4305: '=': truncation from 'double' to 'float'
C:\Users\itzel\OneDrive\Documentos\GitHub\316262615_Proyecto_Gpo09\ProyectoFinal\ProyectoFinal\MainPrueba.cpp(1154,11): warning C4244: '=': conversion from 'double' to 'GLfloat', possible loss of data
C:\Users\itzel\OneDrive\Documentos\GitHub\316262615_Proyecto_Gpo09\ProyectoFinal\ProyectoFinal\MainPrueba.cpp(1155,11): warning C4244: '=': conversion from 'double' to 'GLfloat', possible loss of data
C:\Users\itzel\OneDrive\Documentos\GitHub\316262615_Proyecto_Gpo09\ProyectoFinal\ProyectoFinal\MainPrueba.cpp(1159,18): warning C4244: 'initializing': conversion from 'double' to 'GLfloat', possible loss of data
C:\Users\itzel\OneDrive\Documentos\GitHub\316262615_Proyecto_Gpo09\ProyectoFinal\ProyectoFinal\MainPrueba.cpp(1160,18): warning C4244: 'initializing': conversion from 'double' to 'GLfloat', possible loss of data
C:\Users\itzel\OneDrive\Documentos\GitHub\316262615_Proyecto_Gpo09\ProyectoFinal\ProyectoFinal\MainPrueba.cpp(1162,10): warning C4244: '=': conversion from 'double' to 'GLfloat', possible loss of data
C:\Users\itzel\OneDrive\Documentos\GitHub\316262615_Proyecto_Gpo09\ProyectoFinal\ProyectoFinal\MainPrueba.cpp(1163,10): warning C4244: '=': conversion from 'double' to 'GLfloat', possible loss of data
C:\Users\itzel\OneDrive\Documentos\GitHub\316262615_Proyecto_Gpo09\ProyectoFinal\ProyectoFinal\MainPrueba.cpp(1175,29): warning C4305: '+=': truncation from 'double' to 'float'
C:\Users\itzel\OneDrive\Documentos\GitHub\316262615_Proyecto_Gpo09\ProyectoFinal\ProyectoFinal\MainPrueba.cpp(1178,29): warning C4305: '-=': truncation from 'double' to 'float'
C:\Users\itzel\OneDrive\Documentos\GitHub\316262615_Proyecto_Gpo09\ProyectoFinal\ProyectoFinal\MainPrueba.cpp(1199,25): warning C4305: '-=': truncation from 'double' to 'float'
C:\Users\itzel\OneDrive\Documentos\GitHub\316262615_Proyecto_Gpo09\ProyectoFinal\ProyectoFinal\MainPrueba.cpp(1200,61): warning C4244: '=': conversion from 'double' to 'float', possible loss of data
soil2-debug.lib(image_DXT.obj) : warning LNK4099: PDB 'soil2-debug.pdb' was not found with 'soil2-debug.lib(image_DXT.obj)' or at 'C:\Users\itzel\OneDrive\Documentos\GitHub\316262615_Proyecto_Gpo09\ProyectoFinal\Debug\soil2-debug.pdb'; linking object as if no debug info
soil2-debug.lib(SOIL2.obj) : warning LNK4099: PDB '' was not found with 'soil2-debug.lib(SOIL2.obj)' or at ''; linking object as if no debug info
  ProyectoFinal.vcxproj -> C:\Users\itzel\OneDrive\Documentos\GitHub\316262615_Proyecto_Gpo09\ProyectoFinal\Debug\ProyectoFinal.exe
